current directory: /home/runner/work/r-intro-geospatial/r-intro-geospatial/.vendor/bundle/ruby/2.7.0/gems/eventmachine-1.2.7/ext/fastfilereader
/opt/hostedtoolcache/Ruby/2.7.2/x64/bin/ruby -I /opt/hostedtoolcache/Ruby/2.7.2/x64/lib/ruby/2.7.0 -r ./siteconf20210322-14457-1q51dfv.rb extconf.rb
creating Makefile

current directory: /home/runner/work/r-intro-geospatial/r-intro-geospatial/.vendor/bundle/ruby/2.7.0/gems/eventmachine-1.2.7/ext/fastfilereader
make "DESTDIR=" clean
make[1]: Entering directory '/home/runner/work/r-intro-geospatial/r-intro-geospatial/.vendor/bundle/ruby/2.7.0/gems/eventmachine-1.2.7/ext/fastfilereader'
Makefile:175: warning: overriding recipe for target 'clean'
ð9ìeZU:175: warning: ignoring old recipe for target 'clean'
Makefile:182: warning: overriding recipe for target 'distclean'
ð9ìeZU:182: warning: ignoring old recipe for target 'distclean'
Makefile:190: warning: overriding recipe for target 'install-so'
ð9ìeZU:190: warning: ignoring old recipe for target 'install-so'
Makefile:200: warning: overriding recipe for target 'pre-install-rb-default'
ð9ìeZU:200: warning: ignoring old recipe for target 'pre-install-rb-default'
Makefile:202: warning: overriding recipe for target '.sitearchdir.time'
ð9ìeZU:202: warning: ignoring old recipe for target '.sitearchdir.time'
Makefile:212: warning: overriding recipe for target '.cc.o'
ð9ìeZU:212: warning: ignoring old recipe for target '.cc.o'
Makefile:216: warning: overriding recipe for target '.cc.S'
ð9ìeZU:216: warning: ignoring old recipe for target '.cc.S'
Makefile:220: warning: overriding recipe for target '.mm.o'
ð9ìeZU:220: warning: ignoring old recipe for target '.mm.o'
Makefile:224: warning: overriding recipe for target '.mm.S'
ð9ìeZU:224: warning: ignoring old recipe for target '.mm.S'
Makefile:228: warning: overriding recipe for target '.cxx.o'
ð9ìeZU:228: warning: ignoring old recipe for target '.cxx.o'
Makefile:232: warning: overriding recipe for target '.cxx.S'
ð9ìeZU:232: warning: ignoring old recipe for target '.cxx.S'
Makefile:236: warning: overriding recipe for target '.cpp.o'
ð9ìeZU:236: warning: ignoring old recipe for target '.cpp.o'
Makefile:240: warning: overriding recipe for target '.cpp.S'
ð9ìeZU:240: warning: ignoring old recipe for target '.cpp.S'
Makefile:244: warning: overriding recipe for target '.c.o'
ð9ìeZU:244: warning: ignoring old recipe for target '.c.o'
Makefile:248: warning: overriding recipe for target '.c.S'
ð9ìeZU:248: warning: ignoring old recipe for target '.c.S'
Makefile:252: warning: overriding recipe for target '.m.o'
ð9ìeZU:252: warning: ignoring old recipe for target '.m.o'
Makefile:256: warning: overriding recipe for target '.m.S'
ð9ìeZU:256: warning: ignoring old recipe for target '.m.S'
Makefile:260: warning: overriding recipe for target 'fastfilereaderext.so'
ð9ìeZU:260: warning: ignoring old recipe for target 'fastfilereaderext.so'
make[1]: Leaving directory '/home/runner/work/r-intro-geospatial/r-intro-geospatial/.vendor/bundle/ruby/2.7.0/gems/eventmachine-1.2.7/ext/fastfilereader'

current directory: /home/runner/work/r-intro-geospatial/r-intro-geospatial/.vendor/bundle/ruby/2.7.0/gems/eventmachine-1.2.7/ext/fastfilereader
make "DESTDIR="
make[1]: Entering directory '/home/runner/work/r-intro-geospatial/r-intro-geospatial/.vendor/bundle/ruby/2.7.0/gems/eventmachine-1.2.7/ext/fastfilereader'
Makefile:175: warning: overriding recipe for target 'clean'
ðy"ûYU:175: warning: ignoring old recipe for target 'clean'
Makefile:182: warning: overriding recipe for target 'distclean'
ðy"ûYU:182: warning: ignoring old recipe for target 'distclean'
Makefile:190: warning: overriding recipe for target 'install-so'
ðy"ûYU:190: warning: ignoring old recipe for target 'install-so'
Makefile:200: warning: overriding recipe for target 'pre-install-rb-default'
ðy"ûYU:200: warning: ignoring old recipe for target 'pre-install-rb-default'
Makefile:202: warning: overriding recipe for target '.sitearchdir.time'
ðy"ûYU:202: warning: ignoring old recipe for target '.sitearchdir.time'
Makefile:212: warning: overriding recipe for target '.cc.o'
ðy"ûYU:212: warning: ignoring old recipe for target '.cc.o'
Makefile:216: warning: overriding recipe for target '.cc.S'
ðy"ûYU:216: warning: ignoring old recipe for target '.cc.S'
Makefile:220: warning: overriding recipe for target '.mm.o'
ðy"ûYU:220: warning: ignoring old recipe for target '.mm.o'
Makefile:224: warning: overriding recipe for target '.mm.S'
ðy"ûYU:224: warning: ignoring old recipe for target '.mm.S'
Makefile:228: warning: overriding recipe for target '.cxx.o'
ðy"ûYU:228: warning: ignoring old recipe for target '.cxx.o'
Makefile:232: warning: overriding recipe for target '.cxx.S'
ðy"ûYU:232: warning: ignoring old recipe for target '.cxx.S'
Makefile:236: warning: overriding recipe for target '.cpp.o'
ðy"ûYU:236: warning: ignoring old recipe for target '.cpp.o'
Makefile:240: warning: overriding recipe for target '.cpp.S'
ðy"ûYU:240: warning: ignoring old recipe for target '.cpp.S'
Makefile:244: warning: overriding recipe for target '.c.o'
ðy"ûYU:244: warning: ignoring old recipe for target '.c.o'
Makefile:248: warning: overriding recipe for target '.c.S'
ðy"ûYU:248: warning: ignoring old recipe for target '.c.S'
Makefile:252: warning: overriding recipe for target '.m.o'
ðy"ûYU:252: warning: ignoring old recipe for target '.m.o'
Makefile:256: warning: overriding recipe for target '.m.S'
ðy"ûYU:256: warning: ignoring old recipe for target '.m.S'
Makefile:260: warning: overriding recipe for target 'fastfilereaderext.so'
ðy"ûYU:260: warning: ignoring old recipe for target 'fastfilereaderext.so'
compiling mapper.cpp
compiling rubymain.cpp
linking shared-object fastfilereaderext.so
make[1]: Leaving directory '/home/runner/work/r-intro-geospatial/r-intro-geospatial/.vendor/bundle/ruby/2.7.0/gems/eventmachine-1.2.7/ext/fastfilereader'

current directory: /home/runner/work/r-intro-geospatial/r-intro-geospatial/.vendor/bundle/ruby/2.7.0/gems/eventmachine-1.2.7/ext/fastfilereader
make "DESTDIR=" install
make[1]: Entering directory '/home/runner/work/r-intro-geospatial/r-intro-geospatial/.vendor/bundle/ruby/2.7.0/gems/eventmachine-1.2.7/ext/fastfilereader'
Makefile:175: warning: overriding recipe for target 'clean'
ðy¦fnU:175: warning: ignoring old recipe for target 'clean'
Makefile:182: warning: overriding recipe for target 'distclean'
ðy¦fnU:182: warning: ignoring old recipe for target 'distclean'
Makefile:190: warning: overriding recipe for target 'install-so'
ðy¦fnU:190: warning: ignoring old recipe for target 'install-so'
Makefile:200: warning: overriding recipe for target 'pre-install-rb-default'
ðy¦fnU:200: warning: ignoring old recipe for target 'pre-install-rb-default'
Makefile:202: warning: overriding recipe for target '.sitearchdir.time'
ðy¦fnU:202: warning: ignoring old recipe for target '.sitearchdir.time'
Makefile:212: warning: overriding recipe for target '.cc.o'
ðy¦fnU:212: warning: ignoring old recipe for target '.cc.o'
Makefile:216: warning: overriding recipe for target '.cc.S'
ðy¦fnU:216: warning: ignoring old recipe for target '.cc.S'
Makefile:220: warning: overriding recipe for target '.mm.o'
ðy¦fnU:220: warning: ignoring old recipe for target '.mm.o'
Makefile:224: warning: overriding recipe for target '.mm.S'
ðy¦fnU:224: warning: ignoring old recipe for target '.mm.S'
Makefile:228: warning: overriding recipe for target '.cxx.o'
ðy¦fnU:228: warning: ignoring old recipe for target '.cxx.o'
Makefile:232: warning: overriding recipe for target '.cxx.S'
ðy¦fnU:232: warning: ignoring old recipe for target '.cxx.S'
Makefile:236: warning: overriding recipe for target '.cpp.o'
ðy¦fnU:236: warning: ignoring old recipe for target '.cpp.o'
Makefile:240: warning: overriding recipe for target '.cpp.S'
ðy¦fnU:240: warning: ignoring old recipe for target '.cpp.S'
Makefile:244: warning: overriding recipe for target '.c.o'
ðy¦fnU:244: warning: ignoring old recipe for target '.c.o'
Makefile:248: warning: overriding recipe for target '.c.S'
ðy¦fnU:248: warning: ignoring old recipe for target '.c.S'
Makefile:252: warning: overriding recipe for target '.m.o'
ðy¦fnU:252: warning: ignoring old recipe for target '.m.o'
Makefile:256: warning: overriding recipe for target '.m.S'
ðy¦fnU:256: warning: ignoring old recipe for target '.m.S'
Makefile:260: warning: overriding recipe for target 'fastfilereaderext.so'
ðy¦fnU:260: warning: ignoring old recipe for target 'fastfilereaderext.so'
/usr/bin/install -c -m 0755 fastfilereaderext.so ./.gem.20210322-14457-19vytpa
make[1]: Leaving directory '/home/runner/work/r-intro-geospatial/r-intro-geospatial/.vendor/bundle/ruby/2.7.0/gems/eventmachine-1.2.7/ext/fastfilereader'
