current directory: /home/runner/work/r-intro-geospatial/r-intro-geospatial/.vendor/bundle/ruby/2.7.0/gems/racc-1.5.2/ext/racc/cparse
/opt/hostedtoolcache/Ruby/2.7.2/x64/bin/ruby -I /opt/hostedtoolcache/Ruby/2.7.2/x64/lib/ruby/2.7.0 -r ./siteconf20210322-14383-14j15ak.rb extconf.rb
checking for rb_ary_subseq()... yes
creating Makefile

current directory: /home/runner/work/r-intro-geospatial/r-intro-geospatial/.vendor/bundle/ruby/2.7.0/gems/racc-1.5.2/ext/racc/cparse
make "DESTDIR=" clean
make[1]: Entering directory '/home/runner/work/r-intro-geospatial/r-intro-geospatial/.vendor/bundle/ruby/2.7.0/gems/racc-1.5.2/ext/racc/cparse'
Makefile:175: warning: overriding recipe for target 'clean'
–…Û‡=V:175: warning: ignoring old recipe for target 'clean'
Makefile:182: warning: overriding recipe for target 'distclean'
–…Û‡=V:182: warning: ignoring old recipe for target 'distclean'
Makefile:190: warning: overriding recipe for target 'install-so'
–…Û‡=V:190: warning: ignoring old recipe for target 'install-so'
Makefile:200: warning: overriding recipe for target 'pre-install-rb-default'
–…Û‡=V:200: warning: ignoring old recipe for target 'pre-install-rb-default'
Makefile:202: warning: overriding recipe for target '.sitearchdir.-.racc.time'
–…Û‡=V:202: warning: ignoring old recipe for target '.sitearchdir.-.racc.time'
Makefile:212: warning: overriding recipe for target '.cc.o'
–…Û‡=V:212: warning: ignoring old recipe for target '.cc.o'
Makefile:216: warning: overriding recipe for target '.cc.S'
–…Û‡=V:216: warning: ignoring old recipe for target '.cc.S'
Makefile:220: warning: overriding recipe for target '.mm.o'
–…Û‡=V:220: warning: ignoring old recipe for target '.mm.o'
Makefile:224: warning: overriding recipe for target '.mm.S'
–…Û‡=V:224: warning: ignoring old recipe for target '.mm.S'
Makefile:228: warning: overriding recipe for target '.cxx.o'
–…Û‡=V:228: warning: ignoring old recipe for target '.cxx.o'
Makefile:232: warning: overriding recipe for target '.cxx.S'
–…Û‡=V:232: warning: ignoring old recipe for target '.cxx.S'
Makefile:236: warning: overriding recipe for target '.cpp.o'
–…Û‡=V:236: warning: ignoring old recipe for target '.cpp.o'
Makefile:240: warning: overriding recipe for target '.cpp.S'
–…Û‡=V:240: warning: ignoring old recipe for target '.cpp.S'
Makefile:244: warning: overriding recipe for target '.c.o'
–…Û‡=V:244: warning: ignoring old recipe for target '.c.o'
Makefile:248: warning: overriding recipe for target '.c.S'
–…Û‡=V:248: warning: ignoring old recipe for target '.c.S'
Makefile:252: warning: overriding recipe for target '.m.o'
–…Û‡=V:252: warning: ignoring old recipe for target '.m.o'
Makefile:256: warning: overriding recipe for target '.m.S'
–…Û‡=V:256: warning: ignoring old recipe for target '.m.S'
Makefile:260: warning: overriding recipe for target 'cparse.so'
–…Û‡=V:260: warning: ignoring old recipe for target 'cparse.so'
make[1]: Leaving directory '/home/runner/work/r-intro-geospatial/r-intro-geospatial/.vendor/bundle/ruby/2.7.0/gems/racc-1.5.2/ext/racc/cparse'

current directory: /home/runner/work/r-intro-geospatial/r-intro-geospatial/.vendor/bundle/ruby/2.7.0/gems/racc-1.5.2/ext/racc/cparse
make "DESTDIR="
make[1]: Entering directory '/home/runner/work/r-intro-geospatial/r-intro-geospatial/.vendor/bundle/ruby/2.7.0/gems/racc-1.5.2/ext/racc/cparse'
Makefile:175: warning: overriding recipe for target 'clean'
–…¿≤¶U:175: warning: ignoring old recipe for target 'clean'
Makefile:182: warning: overriding recipe for target 'distclean'
–…¿≤¶U:182: warning: ignoring old recipe for target 'distclean'
Makefile:190: warning: overriding recipe for target 'install-so'
–…¿≤¶U:190: warning: ignoring old recipe for target 'install-so'
Makefile:200: warning: overriding recipe for target 'pre-install-rb-default'
–…¿≤¶U:200: warning: ignoring old recipe for target 'pre-install-rb-default'
Makefile:202: warning: overriding recipe for target '.sitearchdir.-.racc.time'
–…¿≤¶U:202: warning: ignoring old recipe for target '.sitearchdir.-.racc.time'
Makefile:212: warning: overriding recipe for target '.cc.o'
–…¿≤¶U:212: warning: ignoring old recipe for target '.cc.o'
Makefile:216: warning: overriding recipe for target '.cc.S'
–…¿≤¶U:216: warning: ignoring old recipe for target '.cc.S'
Makefile:220: warning: overriding recipe for target '.mm.o'
–…¿≤¶U:220: warning: ignoring old recipe for target '.mm.o'
Makefile:224: warning: overriding recipe for target '.mm.S'
–…¿≤¶U:224: warning: ignoring old recipe for target '.mm.S'
Makefile:228: warning: overriding recipe for target '.cxx.o'
–…¿≤¶U:228: warning: ignoring old recipe for target '.cxx.o'
Makefile:232: warning: overriding recipe for target '.cxx.S'
–…¿≤¶U:232: warning: ignoring old recipe for target '.cxx.S'
Makefile:236: warning: overriding recipe for target '.cpp.o'
–…¿≤¶U:236: warning: ignoring old recipe for target '.cpp.o'
Makefile:240: warning: overriding recipe for target '.cpp.S'
–…¿≤¶U:240: warning: ignoring old recipe for target '.cpp.S'
Makefile:244: warning: overriding recipe for target '.c.o'
–…¿≤¶U:244: warning: ignoring old recipe for target '.c.o'
Makefile:248: warning: overriding recipe for target '.c.S'
–…¿≤¶U:248: warning: ignoring old recipe for target '.c.S'
Makefile:252: warning: overriding recipe for target '.m.o'
–…¿≤¶U:252: warning: ignoring old recipe for target '.m.o'
Makefile:256: warning: overriding recipe for target '.m.S'
–…¿≤¶U:256: warning: ignoring old recipe for target '.m.S'
Makefile:260: warning: overriding recipe for target 'cparse.so'
–…¿≤¶U:260: warning: ignoring old recipe for target 'cparse.so'
compiling cparse.c
linking shared-object racc/cparse.so
make[1]: Leaving directory '/home/runner/work/r-intro-geospatial/r-intro-geospatial/.vendor/bundle/ruby/2.7.0/gems/racc-1.5.2/ext/racc/cparse'

current directory: /home/runner/work/r-intro-geospatial/r-intro-geospatial/.vendor/bundle/ruby/2.7.0/gems/racc-1.5.2/ext/racc/cparse
make "DESTDIR=" install
make[1]: Entering directory '/home/runner/work/r-intro-geospatial/r-intro-geospatial/.vendor/bundle/ruby/2.7.0/gems/racc-1.5.2/ext/racc/cparse'
Makefile:175: warning: overriding recipe for target 'clean'
–Y*-¯U:175: warning: ignoring old recipe for target 'clean'
Makefile:182: warning: overriding recipe for target 'distclean'
–Y*-¯U:182: warning: ignoring old recipe for target 'distclean'
Makefile:190: warning: overriding recipe for target 'install-so'
–Y*-¯U:190: warning: ignoring old recipe for target 'install-so'
Makefile:200: warning: overriding recipe for target 'pre-install-rb-default'
–Y*-¯U:200: warning: ignoring old recipe for target 'pre-install-rb-default'
Makefile:202: warning: overriding recipe for target '.sitearchdir.-.racc.time'
–Y*-¯U:202: warning: ignoring old recipe for target '.sitearchdir.-.racc.time'
Makefile:212: warning: overriding recipe for target '.cc.o'
–Y*-¯U:212: warning: ignoring old recipe for target '.cc.o'
Makefile:216: warning: overriding recipe for target '.cc.S'
–Y*-¯U:216: warning: ignoring old recipe for target '.cc.S'
Makefile:220: warning: overriding recipe for target '.mm.o'
–Y*-¯U:220: warning: ignoring old recipe for target '.mm.o'
Makefile:224: warning: overriding recipe for target '.mm.S'
–Y*-¯U:224: warning: ignoring old recipe for target '.mm.S'
Makefile:228: warning: overriding recipe for target '.cxx.o'
–Y*-¯U:228: warning: ignoring old recipe for target '.cxx.o'
Makefile:232: warning: overriding recipe for target '.cxx.S'
–Y*-¯U:232: warning: ignoring old recipe for target '.cxx.S'
Makefile:236: warning: overriding recipe for target '.cpp.o'
–Y*-¯U:236: warning: ignoring old recipe for target '.cpp.o'
Makefile:240: warning: overriding recipe for target '.cpp.S'
–Y*-¯U:240: warning: ignoring old recipe for target '.cpp.S'
Makefile:244: warning: overriding recipe for target '.c.o'
–Y*-¯U:244: warning: ignoring old recipe for target '.c.o'
Makefile:248: warning: overriding recipe for target '.c.S'
–Y*-¯U:248: warning: ignoring old recipe for target '.c.S'
Makefile:252: warning: overriding recipe for target '.m.o'
–Y*-¯U:252: warning: ignoring old recipe for target '.m.o'
Makefile:256: warning: overriding recipe for target '.m.S'
–Y*-¯U:256: warning: ignoring old recipe for target '.m.S'
Makefile:260: warning: overriding recipe for target 'cparse.so'
–Y*-¯U:260: warning: ignoring old recipe for target 'cparse.so'
/usr/bin/install -c -m 0755 cparse.so ./.gem.20210322-14383-1vv7ti5/racc
make[1]: Leaving directory '/home/runner/work/r-intro-geospatial/r-intro-geospatial/.vendor/bundle/ruby/2.7.0/gems/racc-1.5.2/ext/racc/cparse'
